#
# There is insufficient memory for the Java Runtime Environment to continue.
# Native memory allocation (malloc) failed to allocate 557264 bytes for Chunk::new
# Possible reasons:
#   The system is out of physical RAM or swap space
#   In 32 bit mode, the process size limit was hit
# Possible solutions:
#   Reduce memory load on the system
#   Increase physical memory or swap space
#   Check if swap backing store is full
#   Use 64 bit Java on a 64 bit OS
#   Decrease Java heap size (-Xmx/-Xms)
#   Decrease number of Java threads
#   Decrease Java thread stack sizes (-Xss)
#   Set larger code cache with -XX:ReservedCodeCacheSize=
# This output file may be truncated or incomplete.
#
#  Out of Memory Error (allocation.cpp:390), pid=12028, tid=9188
#
# JRE version: Java(TM) SE Runtime Environment (8.0_66-b18) (build 1.8.0_66-b18)
# Java VM: Java HotSpot(TM) 64-Bit Server VM (25.66-b18 mixed mode windows-amd64 compressed oops)
# Failed to write core dump. Minidumps are not enabled by default on client versions of Windows
#

---------------  T H R E A D  ---------------

Current thread (0x000000001899a800):  JavaThread "C2 CompilerThread0" daemon [_thread_in_native, id=9188, stack(0x00000000190d0000,0x00000000191d0000)]

Stack: [0x00000000190d0000,0x00000000191d0000]
[error occurred during error reporting (printing stack bounds), id 0xc0000005]

Native frames: (J=compiled Java code, j=interpreted, Vv=VM code, C=native code)


Current CompileTask:
C2:   1527 2459       4       java.util.AbstractMap::get (96 bytes)


---------------  P R O C E S S  ---------------

Java Threads: ( => current thread )
  0x0000000018a27800 JavaThread "Service Thread" daemon [_thread_blocked, id=9652, stack(0x00000000193e0000,0x00000000194e0000)]
  0x00000000189ac000 JavaThread "C1 CompilerThread2" daemon [_thread_blocked, id=6492, stack(0x00000000192a0000,0x00000000193a0000)]
  0x00000000189ab800 JavaThread "C2 CompilerThread1" daemon [_thread_in_native, id=6464, stack(0x0000000018e20000,0x0000000018f20000)]
=>0x000000001899a800 JavaThread "C2 CompilerThread0" daemon [_thread_in_native, id=9188, stack(0x00000000190d0000,0x00000000191d0000)]
  0x0000000017473000 JavaThread "Attach Listener" daemon [_thread_blocked, id=11720, stack(0x0000000018f20000,0x0000000019020000)]
  0x0000000017472000 JavaThread "Signal Dispatcher" daemon [_thread_blocked, id=12568, stack(0x00000000185e0000,0x00000000186e0000)]
  0x000000001741a000 JavaThread "Finalizer" daemon [_thread_blocked, id=13944, stack(0x0000000018890000,0x0000000018990000)]
  0x0000000017413000 JavaThread "Reference Handler" daemon [_thread_blocked, id=8448, stack(0x0000000018780000,0x0000000018880000)]
  0x000000000054f800 JavaThread "main" [_thread_in_native, id=8260, stack(0x0000000002810000,0x0000000002910000)]

Other Threads:
  0x000000001740e000 VMThread [stack: 0x00000000184d0000,0x00000000185d0000] [id=8972]
  0x00000000189e9800 WatcherThread [stack: 0x00000000195c0000,0x00000000196c0000] [id=10992]

VM state:not at safepoint (normal execution)

VM Mutex/Monitor currently owned by a thread: None

Heap:
 PSYoungGen      total 38400K, used 6410K [0x00000000d5d00000, 0x00000000d8780000, 0x0000000100000000)
  eden space 33280K, 3% used [0x00000000d5d00000,0x00000000d5e4a968,0x00000000d7d80000)
  from space 5120K, 99% used [0x00000000d7d80000,0x00000000d8278050,0x00000000d8280000)
  to   space 5120K, 0% used [0x00000000d8280000,0x00000000d8280000,0x00000000d8780000)
 ParOldGen       total 87552K, used 15782K [0x0000000081600000, 0x0000000086b80000, 0x00000000d5d00000)
  object space 87552K, 18% used [0x0000000081600000,0x0000000082569898,0x0000000086b80000)
 Metaspace       used 15133K, capacity 15386K, committed 15488K, reserved 1062912K
  class space    used 1821K, capacity 1913K, committed 1920K, reserved 1048576K

Card table byte_map: [0x0000000011cd0000,0x00000000120d0000] byte_map_base: 0x00000000118c5000

Marking Bits: (ParMarkBitMap*) 0x000000005316a5b0
 Begin Bits: [0x0000000012730000, 0x00000000146d8000)
 End Bits:   [0x00000000146d8000, 0x0000000016680000)

Polling page: 0x0000000000280000

CodeCache: size=245760Kb used=8335Kb max_used=8335Kb free=237424Kb
 bounds [0x0000000002910000, 0x0000000003140000, 0x0000000011910000]
 total_blobs=2835 nmethods=2503 adapters=244
 compilation: enabled

Compilation events (10 events):
Event: 1.498 Thread 0x00000000189ac000 2507       1       org.apache.maven.model.profile.DefaultProfileActivationContext::getSystemProperties (5 bytes)
Event: 1.498 Thread 0x00000000189ac000 nmethod 2507 0x0000000003137150 code [0x00000000031372a0, 0x00000000031373b0]
Event: 1.502 Thread 0x00000000189ac000 2509       3       org.apache.maven.model.interpolation.StringSearchModelInterpolator$InterpolateObjectAction::run (32 bytes)
Event: 1.503 Thread 0x00000000189ac000 nmethod 2509 0x0000000003137410 code [0x00000000031375c0, 0x0000000003137ba8]
Event: 1.503 Thread 0x00000000189ac000 2510       3       org.apache.maven.model.Scm::setConnection (6 bytes)
Event: 1.503 Thread 0x00000000189ac000 nmethod 2510 0x0000000003137e10 code [0x0000000003137f60, 0x00000000031380d0]
Event: 1.503 Thread 0x00000000189ac000 2511       3       org.apache.maven.model.Scm::setDeveloperConnection (6 bytes)
Event: 1.503 Thread 0x00000000189ac000 nmethod 2511 0x0000000003138150 code [0x00000000031382a0, 0x0000000003138410]
Event: 1.503 Thread 0x00000000189ac000 2512       3       org.apache.maven.model.management.DefaultDependencyManagementInjector$ManagementModelMerger::mergeManagedDependencies (151 bytes)
Event: 1.525 Thread 0x00000000189ac000 nmethod 2512 0x0000000003138490 code [0x00000000031387c0, 0x000000000313a348]

GC Heap History (10 events):
Event: 0.514 GC heap before
{Heap before GC invocations=1 (full 0):
 PSYoungGen      total 38400K, used 33280K [0x00000000d5d00000, 0x00000000d8780000, 0x0000000100000000)
  eden space 33280K, 100% used [0x00000000d5d00000,0x00000000d7d80000,0x00000000d7d80000)
  from space 5120K, 0% used [0x00000000d8280000,0x00000000d8280000,0x00000000d8780000)
  to   space 5120K, 0% used [0x00000000d7d80000,0x00000000d7d80000,0x00000000d8280000)
 ParOldGen       total 87552K, used 0K [0x0000000081600000, 0x0000000086b80000, 0x00000000d5d00000)
  object space 87552K, 0% used [0x0000000081600000,0x0000000081600000,0x0000000086b80000)
 Metaspace       used 8049K, capacity 8296K, committed 8576K, reserved 1056768K
  class space    used 1006K, capacity 1084K, committed 1152K, reserved 1048576K
Event: 0.518 GC heap after
Heap after GC invocations=1 (full 0):
 PSYoungGen      total 38400K, used 5097K [0x00000000d5d00000, 0x00000000d8780000, 0x0000000100000000)
  eden space 33280K, 0% used [0x00000000d5d00000,0x00000000d5d00000,0x00000000d7d80000)
  from space 5120K, 99% used [0x00000000d7d80000,0x00000000d827a620,0x00000000d8280000)
  to   space 5120K, 0% used [0x00000000d8280000,0x00000000d8280000,0x00000000d8780000)
 ParOldGen       total 87552K, used 234K [0x0000000081600000, 0x0000000086b80000, 0x00000000d5d00000)
  object space 87552K, 0% used [0x0000000081600000,0x000000008163a930,0x0000000086b80000)
 Metaspace       used 8049K, capacity 8296K, committed 8576K, reserved 1056768K
  class space    used 1006K, capacity 1084K, committed 1152K, reserved 1048576K
}
Event: 0.853 GC heap before
{Heap before GC invocations=2 (full 0):
 PSYoungGen      total 38400K, used 38377K [0x00000000d5d00000, 0x00000000d8780000, 0x0000000100000000)
  eden space 33280K, 100% used [0x00000000d5d00000,0x00000000d7d80000,0x00000000d7d80000)
  from space 5120K, 99% used [0x00000000d7d80000,0x00000000d827a620,0x00000000d8280000)
  to   space 5120K, 0% used [0x00000000d8280000,0x00000000d8280000,0x00000000d8780000)
 ParOldGen       total 87552K, used 234K [0x0000000081600000, 0x0000000086b80000, 0x00000000d5d00000)
  object space 87552K, 0% used [0x0000000081600000,0x000000008163a930,0x0000000086b80000)
 Metaspace       used 12512K, capacity 12704K, committed 13056K, reserved 1060864K
  class space    used 1597K, capacity 1674K, committed 1792K, reserved 1048576K
Event: 0.868 GC heap after
Heap after GC invocations=2 (full 0):
 PSYoungGen      total 38400K, used 5117K [0x00000000d5d00000, 0x00000000d8780000, 0x0000000100000000)
  eden space 33280K, 0% used [0x00000000d5d00000,0x00000000d5d00000,0x00000000d7d80000)
  from space 5120K, 99% used [0x00000000d8280000,0x00000000d877f6a0,0x00000000d8780000)
  to   space 5120K, 0% used [0x00000000d7d80000,0x00000000d7d80000,0x00000000d8280000)
 ParOldGen       total 87552K, used 3274K [0x0000000081600000, 0x0000000086b80000, 0x00000000d5d00000)
  object space 87552K, 3% used [0x0000000081600000,0x0000000081932bb8,0x0000000086b80000)
 Metaspace       used 12512K, capacity 12704K, committed 13056K, reserved 1060864K
  class space    used 1597K, capacity 1674K, committed 1792K, reserved 1048576K
}
Event: 1.184 GC heap before
{Heap before GC invocations=3 (full 0):
 PSYoungGen      total 38400K, used 38397K [0x00000000d5d00000, 0x00000000d8780000, 0x0000000100000000)
  eden space 33280K, 100% used [0x00000000d5d00000,0x00000000d7d80000,0x00000000d7d80000)
  from space 5120K, 99% used [0x00000000d8280000,0x00000000d877f6a0,0x00000000d8780000)
  to   space 5120K, 0% used [0x00000000d7d80000,0x00000000d7d80000,0x00000000d8280000)
 ParOldGen       total 87552K, used 3274K [0x0000000081600000, 0x0000000086b80000, 0x00000000d5d00000)
  object space 87552K, 3% used [0x0000000081600000,0x0000000081932bb8,0x0000000086b80000)
 Metaspace       used 14481K, capacity 14772K, committed 14976K, reserved 1062912K
  class space    used 1786K, capacity 1880K, committed 1920K, reserved 1048576K
Event: 1.191 GC heap after
Heap after GC invocations=3 (full 0):
 PSYoungGen      total 38400K, used 5088K [0x00000000d5d00000, 0x00000000d8780000, 0x0000000100000000)
  eden space 33280K, 0% used [0x00000000d5d00000,0x00000000d5d00000,0x00000000d7d80000)
  from space 5120K, 99% used [0x00000000d7d80000,0x00000000d8278050,0x00000000d8280000)
  to   space 5120K, 0% used [0x00000000d8280000,0x00000000d8280000,0x00000000d8780000)
 ParOldGen       total 87552K, used 7489K [0x0000000081600000, 0x0000000086b80000, 0x00000000d5d00000)
  object space 87552K, 8% used [0x0000000081600000,0x0000000081d504d8,0x0000000086b80000)
 Metaspace       used 14481K, capacity 14772K, committed 14976K, reserved 1062912K
  class space    used 1786K, capacity 1880K, committed 1920K, reserved 1048576K
}
Event: 1.314 GC heap before
{Heap before GC invocations=4 (full 0):
 PSYoungGen      total 38400K, used 38368K [0x00000000d5d00000, 0x00000000d8780000, 0x0000000100000000)
  eden space 33280K, 100% used [0x00000000d5d00000,0x00000000d7d80000,0x00000000d7d80000)
  from space 5120K, 99% used [0x00000000d7d80000,0x00000000d8278050,0x00000000d8280000)
  to   space 5120K, 0% used [0x00000000d8280000,0x00000000d8280000,0x00000000d8780000)
 ParOldGen       total 87552K, used 7489K [0x0000000081600000, 0x0000000086b80000, 0x00000000d5d00000)
  object space 87552K, 8% used [0x0000000081600000,0x0000000081d504d8,0x0000000086b80000)
 Metaspace       used 14676K, capacity 14906K, committed 15232K, reserved 1062912K
  class space    used 1789K, capacity 1881K, committed 1920K, reserved 1048576K
Event: 1.338 GC heap after
Heap after GC invocations=4 (full 0):
 PSYoungGen      total 38400K, used 5104K [0x00000000d5d00000, 0x00000000d8780000, 0x0000000100000000)
  eden space 33280K, 0% used [0x00000000d5d00000,0x00000000d5d00000,0x00000000d7d80000)
  from space 5120K, 99% used [0x00000000d8280000,0x00000000d877c020,0x00000000d8780000)
  to   space 5120K, 0% used [0x00000000d7d80000,0x00000000d7d80000,0x00000000d8280000)
 ParOldGen       total 87552K, used 11877K [0x0000000081600000, 0x0000000086b80000, 0x00000000d5d00000)
  object space 87552K, 13% used [0x0000000081600000,0x00000000821994f8,0x0000000086b80000)
 Metaspace       used 14676K, capacity 14906K, committed 15232K, reserved 1062912K
  class space    used 1789K, capacity 1881K, committed 1920K, reserved 1048576K
}
Event: 1.504 GC heap before
{Heap before GC invocations=5 (full 0):
 PSYoungGen      total 38400K, used 38384K [0x00000000d5d00000, 0x00000000d8780000, 0x0000000100000000)
  eden space 33280K, 100% used [0x00000000d5d00000,0x00000000d7d80000,0x00000000d7d80000)
  from space 5120K, 99% used [0x00000000d8280000,0x00000000d877c020,0x00000000d8780000)
  to   space 5120K, 0% used [0x00000000d7d80000,0x00000000d7d80000,0x00000000d8280000)
 ParOldGen       total 87552K, used 11877K [0x0000000081600000, 0x0000000086b80000, 0x00000000d5d00000)
  object space 87552K, 13% used [0x0000000081600000,0x00000000821994f8,0x0000000086b80000)
 Metaspace       used 15132K, capacity 15386K, committed 15488K, reserved 1062912K
  class space    used 1821K, capacity 1913K, committed 1920K, reserved 1048576K
Event: 1.525 GC heap after
Heap after GC invocations=5 (full 0):
 PSYoungGen      total 38400K, used 5088K [0x00000000d5d00000, 0x00000000d8780000, 0x0000000100000000)
  eden space 33280K, 0% used [0x00000000d5d00000,0x00000000d5d00000,0x00000000d7d80000)
  from space 5120K, 99% used [0x00000000d7d80000,0x00000000d8278050,0x00000000d8280000)
  to   space 5120K, 0% used [0x00000000d8280000,0x00000000d8280000,0x00000000d8780000)
 ParOldGen       total 87552K, used 15782K [0x0000000081600000, 0x0000000086b80000, 0x00000000d5d00000)
  object space 87552K, 18% used [0x0000000081600000,0x0000000082569898,0x0000000086b80000)
 Metaspace       used 15132K, capacity 15386K, committed 15488K, reserved 1062912K
  class space    used 1821K, capacity 1913K, committed 1920K, reserved 1048576K
}

Deoptimization events (10 events):
Event: 1.361 Thread 0x000000000054f800 Uncommon trap: reason=bimorphic action=maybe_recompile pc=0x0000000003077b4c method=org.eclipse.sisu.inject.Guice4.getDeclaringSource(Lcom/google/inject/Binding;)Ljava/lang/Object; @ 1
Event: 1.365 Thread 0x000000000054f800 Uncommon trap: reason=bimorphic action=maybe_recompile pc=0x0000000003077b4c method=org.eclipse.sisu.inject.Guice4.getDeclaringSource(Lcom/google/inject/Binding;)Ljava/lang/Object; @ 1
Event: 1.383 Thread 0x000000000054f800 Uncommon trap: reason=class_check action=maybe_recompile pc=0x0000000002c2769c method=java.util.HashMap.putVal(ILjava/lang/Object;Ljava/lang/Object;ZZ)Ljava/lang/Object; @ 203
Event: 1.386 Thread 0x000000000054f800 Uncommon trap: reason=class_check action=maybe_recompile pc=0x0000000002c2769c method=java.util.HashMap.putVal(ILjava/lang/Object;Ljava/lang/Object;ZZ)Ljava/lang/Object; @ 203
Event: 1.390 Thread 0x000000000054f800 Uncommon trap: reason=class_check action=maybe_recompile pc=0x0000000002c2769c method=java.util.HashMap.putVal(ILjava/lang/Object;Ljava/lang/Object;ZZ)Ljava/lang/Object; @ 203
Event: 1.413 Thread 0x000000000054f800 Uncommon trap: reason=null_check action=make_not_entrant pc=0x00000000030c489c method=org.apache.maven.model.io.xpp3.MavenXpp3Reader.checkFieldWithDuplicate(Lorg/codehaus/plexus/util/xml/pull/XmlPullParser;Ljava/lang/String;Ljava/lang/String;Ljava/util/Set7O‘à©Íö?
Event: 1.425 Thread 0x000000000054f800 Uncommon trap: reason=unstable_if action=reinterpret pc=0x0000000002bae67c method=java.util.HashMap.hash(Ljava/lang/Object;)I @ 1
Event: 1.425 Thread 0x000000000054f800 Uncommon trap: reason=unstable_if action=reinterpret pc=0x0000000002baeb28 method=java.util.HashMap.hash(Ljava/lang/Object;)I @ 1
Event: 1.469 Thread 0x000000000054f800 Uncommon trap: reason=unstable_if action=reinterpret pc=0x00000000030f4ca0 method=java.lang.Integer.parseInt(Ljava/lang/String;I)I @ 1
Event: 1.494 Thread 0x000000000054f800 Uncommon trap: reason=unstable_if action=reinterpret pc=0x0000000002fe7074 method=org.codehaus.plexus.util.xml.pull.MXParser.nextImpl()I @ 280

Internal exceptions (10 events):
Event: 0.945 Thread 0x000000000054f800 Exception <a 'java/lang/NullPointerException'> (0x00000000d61d1318) thrown at [C:\re\workspace\8-2-build-windows-amd64-cygwin\jdk8u66\5298\hotspot\src\share\vm\interpreter\linkResolver.cpp, line 1178]
Event: 0.945 Thread 0x000000000054f800 Exception <a 'java/lang/NullPointerException'> (0x00000000d61d1530) thrown at [C:\re\workspace\8-2-build-windows-amd64-cygwin\jdk8u66\5298\hotspot\src\share\vm\interpreter\linkResolver.cpp, line 1178]
Event: 0.945 Thread 0x000000000054f800 Exception <a 'java/lang/NullPointerException'> (0x00000000d61e0ea8) thrown at [C:\re\workspace\8-2-build-windows-amd64-cygwin\jdk8u66\5298\hotspot\src\share\vm\interpreter\linkResolver.cpp, line 1178]
Event: 0.945 Thread 0x000000000054f800 Exception <a 'java/lang/NullPointerException'> (0x00000000d61e10c0) thrown at [C:\re\workspace\8-2-build-windows-amd64-cygwin\jdk8u66\5298\hotspot\src\share\vm\interpreter\linkResolver.cpp, line 1178]
Event: 0.945 Thread 0x000000000054f800 Exception <a 'java/lang/NullPointerException'> (0x00000000d61e12d8) thrown at [C:\re\workspace\8-2-build-windows-amd64-cygwin\jdk8u66\5298\hotspot\src\share\vm\interpreter\linkResolver.cpp, line 1178]
Event: 1.050 Thread 0x000000000054f800 Implicit null exception at 0x0000000002e78614 to 0x0000000002e7989d
Event: 1.413 Thread 0x000000000054f800 Implicit null exception at 0x00000000030c4637 to 0x00000000030c4881
Event: 1.425 Thread 0x000000000054f800 Implicit null exception at 0x0000000002bae495 to 0x0000000002bae66d
Event: 1.425 Thread 0x000000000054f800 Implicit null exception at 0x0000000002baeaaf to 0x0000000002baeb19
Event: 1.469 Thread 0x000000000054f800 Implicit null exception at 0x00000000030f478f to 0x00000000030f4c8d

Events (10 events):
Event: 1.490 loading class org/eclipse/aether/internal/impl/DataPool$Descriptor done
Event: 1.491 loading class org/eclipse/aether/internal/impl/DataPool$GraphKey
Event: 1.491 loading class org/eclipse/aether/internal/impl/DataPool$GraphKey done
Event: 1.492 loading class org/eclipse/aether/collection/DependencyManagement
Event: 1.492 loading class org/eclipse/aether/collection/DependencyManagement done
Event: 1.494 Thread 0x000000000054f800 Uncommon trap: trap_request=0xffffff65 fr.pc=0x0000000002fe7074
Event: 1.494 Thread 0x000000000054f800 DEOPT PACKING pc=0x0000000002fe7074 sp=0x000000000290cef0
Event: 1.494 Thread 0x000000000054f800 DEOPT UNPACKING pc=0x000000000295582a sp=0x000000000290ce58 mode 2
Event: 1.504 Executing VM operation: ParallelGCFailedAllocation
Event: 1.525 Executing VM operation: ParallelGCFailedAllocation done


Dynamic libraries:
0x000000013f130000 - 0x000000013f167000 	C:\Program Files\Java\jdk1.8.0_66\bin\java.exe
0x0000000076d90000 - 0x0000000076f2f000 	C:\windows\SYSTEM32\ntdll.dll
0x0000000076c70000 - 0x0000000076d8f000 	C:\windows\system32\kernel32.dll
0x000007fefcc30000 - 0x000007fefcc9a000 	C:\windows\system32\KERNELBASE.dll
0x0000000074760000 - 0x00000000747e9000 	C:\windows\System32\SYSFER.DLL
0x000007fefde30000 - 0x000007fefdf0b000 	C:\windows\system32\ADVAPI32.dll
0x000007fefcf40000 - 0x000007fefcfdf000 	C:\windows\system32\msvcrt.dll
0x000007fefdd90000 - 0x000007fefddaf000 	C:\windows\SYSTEM32\sechost.dll
0x000007fefd4c0000 - 0x000007fefd5ed000 	C:\windows\system32\RPCRT4.dll
0x0000000076b70000 - 0x0000000076c6a000 	C:\windows\system32\USER32.dll
0x000007fefd3f0000 - 0x000007fefd457000 	C:\windows\system32\GDI32.dll
0x000007fefd2b0000 - 0x000007fefd2be000 	C:\windows\system32\LPK.dll
0x000007fefce20000 - 0x000007fefceeb000 	C:\windows\system32\USP10.dll
0x000007fefb5f0000 - 0x000007fefb7e4000 	C:\windows\WinSxS\amd64_microsoft.windows.common-controls_6595b64144ccf1df_6.0.7601.18837_none_fa3b1e3d17594757\COMCTL32.dll
0x000007fefddb0000 - 0x000007fefde21000 	C:\windows\system32\SHLWAPI.dll
0x000007fefcf10000 - 0x000007fefcf3e000 	C:\windows\system32\IMM32.DLL
0x000007fefd870000 - 0x000007fefd979000 	C:\windows\system32\MSCTF.dll
0x0000000053270000 - 0x0000000053342000 	C:\Program Files\Java\jdk1.8.0_66\jre\bin\msvcr100.dll
0x0000000052960000 - 0x00000000531e9000 	C:\Program Files\Java\jdk1.8.0_66\jre\bin\server\jvm.dll
0x000007fef9d70000 - 0x000007fef9d79000 	C:\windows\system32\WSOCK32.dll
0x000007fefd2c0000 - 0x000007fefd30d000 	C:\windows\system32\WS2_32.dll
0x000007fefe2e0000 - 0x000007fefe2e8000 	C:\windows\system32\NSI.dll
0x000007fefa470000 - 0x000007fefa4ab000 	C:\windows\system32\WINMM.dll
0x000007fefbb30000 - 0x000007fefbb3c000 	C:\windows\system32\VERSION.dll
0x0000000076f30000 - 0x0000000076f37000 	C:\windows\system32\PSAPI.DLL
0x00000000744e0000 - 0x00000000744ef000 	C:\Program Files\Java\jdk1.8.0_66\jre\bin\verify.dll
0x000000005d460000 - 0x000000005d489000 	C:\Program Files\Java\jdk1.8.0_66\jre\bin\java.dll
0x0000000074320000 - 0x0000000074336000 	C:\Program Files\Java\jdk1.8.0_66\jre\bin\zip.dll
0x000007fefe2f0000 - 0x000007feff07b000 	C:\windows\system32\SHELL32.dll
0x000007fefd980000 - 0x000007fefdb7d000 	C:\windows\system32\ole32.dll
0x000007fefca60000 - 0x000007fefca6f000 	C:\windows\system32\profapi.dll

VM Arguments:
jvm_args: -Dclassworlds.conf=D:\tools\apache-maven-3.3.9\bin\..\bin\m2.conf -Dmaven.home=D:\tools\apache-maven-3.3.9\bin\.. -Dmaven.multiModuleProjectDirectory=D:\springcloud\springCloudBusDemo\configServer 
java_command: org.codehaus.plexus.classworlds.launcher.Launcher clean package
java_class_path (initial): D:\tools\apache-maven-3.3.9\bin\..\boot\plexus-classworlds-2.5.2.jar
Launcher Type: SUN_STANDARD

Environment Variables:
JAVA_HOME=C:\Program Files\Java\jdk1.8.0_66
CLASSPATH=.;C:\Program Files\Java\jdk1.8.0_66\lib;
PATH=C:\ProgramData\Oracle\Java\javapath;C:\windows\system32;C:\windows;C:\windows\System32\Wbem;C:\windows\System32\WindowsPowerShell\v1.0\;D:\installed\TortoiseSVN\bin;C:\Program Files\Java\jdk1.8.0_66\bin;D:\tools\apache-maven-3.3.9\bin;D:\oracle\instantclient_11_1;C:\Program Files\nodejs\;C:\Program Files\Git\cmd;D:\nodejs\node_global;C:\Users\wb-cj189958\AppData\Roaming\npm
USERNAME=wb-cj189958
OS=Windows_NT
PROCESSOR_IDENTIFIER=Intel64 Family 6 Model 60 Stepping 3, GenuineIntel



---------------  S Y S T E M  ---------------

OS: Windows 7 , 64 bit Build 7601 (6.1.7601.24024)

CPU:total 4 (4 cores per cpu, 1 threads per core) family 6 model 60 stepping 3, cmov, cx8, fxsr, mmx, sse, sse2, sse3, ssse3, sse4.1, sse4.2, popcnt, avx, avx2, aes, clmul, erms, rtm, lzcnt, tsc, tscinvbit, bmi1, bmi2

Memory: 4k page, physical 8292716k(1508488k free), swap 8290840k(5236k free)

vm_info: Java HotSpot(TM) 64-Bit Server VM (25.66-b18) for windows-amd64 JRE (1.8.0_66-b18), built on Nov  9 2015 10:51:13 by "java_re" with MS VC++ 10.0 (VS2010)

time: Thu Jun 07 09:19:21 2018
elapsed time: 1 seconds (0d 0h 0m 1s)

